loaded checkpoints/15x15_v11_stage1_repro_selfplay.pt
iteration 1/3 self-play game 1/20: 38 moves
iteration 1/3 self-play game 2/20: 9 moves
iteration 1/3 self-play game 3/20: 33 moves
iteration 1/3 self-play game 4/20: 47 moves
iteration 1/3 self-play game 5/20: 50 moves
iteration 1/3 self-play game 6/20: 11 moves
iteration 1/3 self-play game 7/20: 11 moves
iteration 1/3 self-play game 8/20: 33 moves
iteration 1/3 self-play game 9/20: 54 moves
iteration 1/3 self-play game 10/20: 96 moves
iteration 1/3 self-play game 11/20: 13 moves
iteration 1/3 self-play game 12/20: 53 moves
iteration 1/3 self-play game 13/20: 15 moves
iteration 1/3 self-play game 14/20: 11 moves
iteration 1/3 self-play game 15/20: 11 moves
iteration 1/3 self-play game 16/20: 54 moves
iteration 1/3 self-play game 17/20: 43 moves
iteration 1/3 self-play game 18/20: 9 moves
iteration 1/3 self-play game 19/20: 27 moves
iteration 1/3 self-play game 20/20: 38 moves
iteration 1/3: training on 656 replay samples
epoch 1/1: loss=4.0401
iteration 2/3 self-play game 1/20: 9 moves
iteration 2/3 self-play game 2/20: 9 moves
iteration 2/3 self-play game 3/20: 41 moves
iteration 2/3 self-play game 4/20: 67 moves
iteration 2/3 self-play game 5/20: 9 moves
iteration 2/3 self-play game 6/20: 21 moves
iteration 2/3 self-play game 7/20: 11 moves
iteration 2/3 self-play game 8/20: 11 moves
iteration 2/3 self-play game 9/20: 9 moves
iteration 2/3 self-play game 10/20: 9 moves
iteration 2/3 self-play game 11/20: 56 moves
iteration 2/3 self-play game 12/20: 15 moves
iteration 2/3 self-play game 13/20: 11 moves
iteration 2/3 self-play game 14/20: 9 moves
iteration 2/3 self-play game 15/20: 19 moves
iteration 2/3 self-play game 16/20: 19 moves
iteration 2/3 self-play game 17/20: 39 moves
iteration 2/3 self-play game 18/20: 63 moves
iteration 2/3 self-play game 19/20: 58 moves
iteration 2/3 self-play game 20/20: 17 moves
iteration 2/3: training on 1158 replay samples
epoch 1/1: loss=3.5841
iteration 3/3 self-play game 1/20: 9 moves
iteration 3/3 self-play game 2/20: 11 moves
iteration 3/3 self-play game 3/20: 9 moves
iteration 3/3 self-play game 4/20: 9 moves
iteration 3/3 self-play game 5/20: 9 moves
iteration 3/3 self-play game 6/20: 9 moves
iteration 3/3 self-play game 7/20: 11 moves
iteration 3/3 self-play game 8/20: 11 moves
iteration 3/3 self-play game 9/20: 9 moves
iteration 3/3 self-play game 10/20: 9 moves
iteration 3/3 self-play game 11/20: 61 moves
iteration 3/3 self-play game 12/20: 9 moves
iteration 3/3 self-play game 13/20: 11 moves
iteration 3/3 self-play game 14/20: 11 moves
iteration 3/3 self-play game 15/20: 60 moves
iteration 3/3 self-play game 16/20: 11 moves
iteration 3/3 self-play game 17/20: 16 moves
iteration 3/3 self-play game 18/20: 11 moves
iteration 3/3 self-play game 19/20: 9 moves
iteration 3/3 self-play game 20/20: 9 moves
iteration 3/3: training on 1462 replay samples
epoch 1/1: loss=3.1776
saved checkpoints/15x15_v11_stage1_repro_selfplay.pt
